<?xml version="1.0" encoding="UTF-8"?>
<testsuite name="co.com.bcp.runners.TestRunner" tests="0" skipped="0" failures="0" errors="0" timestamp="1970-01-01T00:00:00" hostname="PE-IT001279.bbrouter" time="0.0">
  <properties/>
  <system-out><![CDATA[]]></system-out>
  <system-err><![CDATA[[Test worker] INFO io.cucumber.core.plugin.SerenityReporter - Running feature from file:///Users/bcp/Documents/qa-main/src/test/resources/features/soli/cambio_pin_yape.feature
[Test worker] INFO  - ?[96m

-------------------------------------------------------------------------------------
     _______. _______ .______       _______ .__   __.  __  .___________.____    ____ 
    /       ||   ____||   _  \     |   ____||  \ |  | |  | |           |\   \  /   / 
   |   (----`|  |__   |  |_)  |    |  |__   |   \|  | |  | `---|  |----` \   \/   /  
    \   \    |   __|  |      /     |   __|  |  . `  | |  |     |  |       \_    _/   
.----)   |   |  |____ |  |\  \----.|  |____ |  |\   | |  |     |  |         |  |     
|_______/    |_______|| _| `._____||_______||__| \__| |__|     |__|         |__|    
                                                                                     
 News and tutorials at http://www.serenity-bdd.info                                  
 Documentation at https://wakaleo.gitbooks.io/the-serenity-book/content/             
 Join the Serenity Community on Gitter: https://gitter.im/serenity-bdd/serenity-core 
 Serenity BDD Support and Training at http://serenity-bdd.info/#/trainingandsupport  
-------------------------------------------------------------------------------------
?[0m
[Test worker] INFO  - Test Suite Started: SOLI BCP
[Test worker] INFO io.cucumber.core.plugin.SerenityReporter - Running feature from file:///Users/bcp/Documents/qa-main/src/test/resources/features/soli/cash_in_out_yape.feature
[Test worker] INFO  - Test Suite Started: SOLI BCP
[Test worker] INFO io.cucumber.core.plugin.SerenityReporter - Running feature from file:///Users/bcp/Documents/qa-main/src/test/resources/features/soli/end_to_end.feature
[Test worker] INFO  - Test Suite Started: SOLI BCP
[Test worker] INFO io.cucumber.core.plugin.SerenityReporter - Running feature from file:///Users/bcp/Documents/qa-main/src/test/resources/features/soli/login_yape.feature
[Test worker] INFO  - Test Suite Started: YAPE BCP
[Test worker] INFO io.cucumber.core.plugin.SerenityReporter - Running feature from file:///Users/bcp/Documents/qa-main/src/test/resources/features/soli/movimientos_yape.feature
[Test worker] INFO  - Test Suite Started: SOLI BCP
[Test worker] INFO io.cucumber.core.plugin.SerenityReporter - Running feature from file:///Users/bcp/Documents/qa-main/src/test/resources/features/soli/pago_servicio_yape.feature
[Test worker] INFO  - Test Suite Started: SOLI BCP
[Test worker] INFO io.cucumber.core.plugin.SerenityReporter - Running feature from file:///Users/bcp/Documents/qa-main/src/test/resources/features/soli/transferencia_yape.feature
[Test worker] INFO  - Test Suite Started: SOLI BCP
[Test worker] INFO io.cucumber.core.plugin.SerenityReporter - Running feature from file:///Users/bcp/Documents/qa-main/src/test/resources/features/soli/transferencia_yape.feature
[Test worker] INFO  - Test Suite Started: SOLI BCP
[pool-2-thread-1] INFO serenity.reporting - 
---------------------------------------------
| TEST NAME:   ?[1mRealizar el envio a otros yape?[0m
| RESULT:      ?[92mPassing?[0m
| REQUIREMENT: SOLI BCP
| REPORT:      ?[96mfile:///Users/bcp/Documents/qa-main/target/site/serenity/e356b892f0fd0a063ebcda3973f067c13d0aee00d28e968efe2d8a902ff1319a.html?[0m
---------------------------------------------
?[32m?[1m┌──────────────────────────────────────────────────────────────────────────┐?[0m
?[32m?[1m│?[0m View your Cucumber Report at:                                            ?[32m?[1m│?[0m
?[32m?[1m│?[0m ?[1m?[36m?[4mhttps://reports.cucumber.io/reports/59c26284-d3d0-4b39-9560-85b6ce2a0f24?[0m ?[32m?[1m│?[0m
?[32m?[1m│?[0m                                                                          ?[32m?[1m│?[0m
?[32m?[1m│?[0m ?[1mThis report will self-destruct in 24h.?[0m                                   ?[32m?[1m│?[0m
?[32m?[1m│?[0m Keep reports forever: ?[4m?[1m?[36mhttps://reports.cucumber.io/profile?[0m                ?[32m?[1m│?[0m
?[32m?[1m└──────────────────────────────────────────────────────────────────────────┘?[0m]]></system-err>
</testsuite>
