<?xml version="1.0" encoding="UTF-8"?>
<testsuite name="SOLI BCP #6" tests="1" skipped="0" failures="0" errors="0" timestamp="2023-12-14T20:37:06" hostname="PE-IT001279.bbrouter" time="123.33">
  <properties/>
  <testcase name="Realizar el envio a otros yape" classname="SOLI BCP #6" time="123.33"/>
  <system-out><![CDATA[
@envio_otro_yape_01
Esquema del escenario: Realizar el envio a otros yape    ?[90m# src/test/resources/features/soli/transferencia_yape.feature:25?[0m
?[92m|-- 1: Realizar el envio a otros yape ({celular=70621732, password=0001, celular_soli=70621522, monto=0.01})?[0m
?[92m|---- Dado Ingreso a soli?[0m
  ?[32mDado ?[0m?[32mIngreso a soli?[0m                                    ?[90m# co.com.bcp.steps.yape.LoginSteps.ingresoASoli()?[0m
?[92m|---- Y valido que estoy dentro de soli?[0m
?[92m|------ Then the Ingreso a loguearme is enabled -  should be (true)?[0m
  ?[32mY ?[0m?[32mvalido que estoy dentro de soli?[0m                      ?[90m# co.com.bcp.steps.yape.LoginSteps.validoQueEstoyDentroDeSoli()?[0m
?[92m|---- Cuando ingreso opcion ya tengo cuenta?[0m
?[92m|------ Tester pantalla tengo cuenta?[0m
?[92m|-------- TESTER clicks on Ingreso a loguearme?[0m
  ?[32mCuando ?[0m?[32mingreso opcion ya tengo cuenta?[0m                  ?[90m# co.com.bcp.steps.yape.LoginSteps.ingresoOpcionYaTengoCuenta()?[0m
?[92m|---- Y ingreso mi celular "70621732"?[0m
?[92m|------ Tester ingreso celular registrado?[0m
?[92m|-------- TESTER clicks on Ingreso celular?[0m
?[92m|-------- TESTER enters '70621732' into Ingreso celular?[0m
  ?[32mY ?[0m?[32mingreso mi celular ?[0m?[32m?[1m"70621732"?[0m                        ?[90m# co.com.bcp.steps.yape.LoginSteps.ingresoMiCelular(java.lang.String)?[0m
?[92m|---- Y ingreso mi password "0001"?[0m
?[92m|------ Tester ingreso password?[0m
?[92m|-------- TESTER enters '0' into Ingreso pin1?[0m
?[92m|-------- TESTER enters '0' into Ingreso pin2?[0m
?[92m|-------- TESTER enters '0' into Ingreso pin3?[0m
?[92m|-------- TESTER enters '1' into Ingreso pin4?[0m
  ?[32mY ?[0m?[32mingreso mi password ?[0m?[32m?[1m"0001"?[0m                           ?[90m# co.com.bcp.steps.yape.LoginSteps.ingresoMiPassword(java.lang.String)?[0m
?[92m|---- Y doy clic al boton ingresar?[0m
?[92m|------ Tester ingreso soli?[0m
?[92m|-------- TESTER clicks on Boton de Logueo Usuario?[0m
  ?[32mY ?[0m?[32mdoy clic al boton ingresar?[0m                           ?[90m# co.com.bcp.steps.yape.LoginSteps.doyClicAlBotonIngresar()?[0m
?[92m|---- Y valido que inicie sesion?[0m
  ?[32mY ?[0m?[32mvalido que inicie sesion?[0m                             ?[90m# co.com.bcp.steps.yape.LoginSteps.validoQueInicieSesion()?[0m
?[92m|---- Y ingreso a envio a otro soli?[0m
?[92m|------ Tester envio soli transferencia?[0m
?[92m|-------- TESTER clicks on Boton Envio a Otro soli?[0m
  ?[32mY ?[0m?[32mingreso a envio a otro soli?[0m                          ?[90m# co.com.bcp.steps.yape.TransferenciaSoliSteps.ingresoAEnvioAOtroSoli()?[0m
?[92m|---- Y doy permiso para ingresar a contactos?[0m
?[92m|------ Tester acceso contactos?[0m
?[92m|-------- TESTER clicks on Boton Permiso acceso contactos?[0m
  ?[32mY ?[0m?[32mdoy permiso para ingresar a contactos?[0m                ?[90m# co.com.bcp.steps.yape.TransferenciaSoliSteps.doyPermisoParaIngresarAContactos()?[0m
?[92m|---- Y valido que estoy en la opcion envio a otro soli?[0m
?[92m|------ Then the Pantalla Envio a Otro Soli is enabled -  should be (true)?[0m
  ?[32mY ?[0m?[32mvalido que estoy en la opcion envio a otro soli?[0m      ?[90m# co.com.bcp.steps.yape.TransferenciaSoliSteps.validoQueEstoyEnLaOpcionEnvioAOtroSoli()?[0m
?[92m|---- Y ingreso numero de soli "70621522"?[0m
?[92m|------ Tester ingreso celular soli?[0m
?[92m|-------- TESTER clicks on Ingreso numero celular soli?[0m
?[92m|-------- TESTER enters '70621522' into Ingreso numero celular soli?[0m
  ?[32mY ?[0m?[32mingreso numero de soli ?[0m?[32m?[1m"70621522"?[0m                    ?[90m# co.com.bcp.steps.yape.TransferenciaSoliSteps.ingresoNumeroDeSoli(java.lang.String)?[0m
?[92m|---- Y doy clic al numero a transferir?[0m
?[92m|------ Tester celular transferir?[0m
?[92m|-------- TESTER clicks on Persona a Enviar Soli?[0m
  ?[32mY ?[0m?[32mdoy clic al numero a transferir?[0m                      ?[90m# co.com.bcp.steps.yape.TransferenciaSoliSteps.doyClicAlNumeroATransferir()?[0m
?[92m|---- Y ingreso el monto "0.01"?[0m
?[92m|------ Tester ingreso monto?[0m
?[92m|-------- TESTER clicks on Envio monto?[0m
?[92m|-------- TESTER enters '0.01' into Envio monto?[0m
  ?[32mY ?[0m?[32mingreso el monto ?[0m?[32m?[1m"0.01"?[0m                              ?[90m# co.com.bcp.steps.yape.TransferenciaSoliSteps.ingresoElMonto(java.lang.String)?[0m
?[92m|---- Y ingreso un comentario?[0m
?[92m|------ Tester ingreso mensaje opcional?[0m
?[92m|-------- TESTER clicks on Optional?[0m
?[92m|-------- TESTER enters 'Transferencia QA' into Optional?[0m
  ?[32mY ?[0m?[32mingreso un comentario?[0m                                ?[90m# co.com.bcp.steps.yape.TransferenciaSoliSteps.ingresoUnComentario()?[0m
?[92m|---- Y doy clic al boton para transferencia?[0m
?[92m|------ Tester envio transferencia?[0m
?[92m|-------- TESTER clicks on Boton Enviar?[0m
  ?[32mY ?[0m?[32mdoy clic al boton para transferencia?[0m                 ?[90m# co.com.bcp.steps.yape.TransferenciaSoliSteps.doyClicAlBotonParaTransferencia()?[0m
?[92m|---- Entonces valido que se haya realizado la transferencia?[0m
  ?[32mEntonces ?[0m?[32mvalido que se haya realizado la transferencia?[0m ?[90m# co.com.bcp.steps.yape.TransferenciaSoliSteps.validoQueSeHayaRealizadoLaTransferencia()?[0m
]]></system-out>
  <system-err><![CDATA[[Test worker] INFO io.cucumber.core.plugin.SerenityReporter - Running feature from file:///Users/bcp/Documents/qa-main/src/test/resources/features/soli/transferencia_yape.feature
[Test worker] INFO  - 
  _____   ___   ___   _____     ___   _____     _     ___   _____   ___   ___  
 |_   _| | __| / __| |_   _|   / __| |_   _|   /_\   | _ \ |_   _| | __| |   \ 
   | |   | _|  \__ \   | |     \__ \   | |    / _ \  |   /   | |   | _|  | |) |
   |_|   |___| |___/   |_|     |___/   |_|   /_/ \_\ |_|_\   |_|   |___| |___/ 

Realizar el envio a otros yape(soli-bcp;realizar-el-envio-a-otros-yape)
--------------------------------------------------------------------------------
[Test worker] INFO  - ?[92m
  _____   ___   ___   _____     ___     _     ___   ___   ___   ___  
 |_   _| | __| / __| |_   _|   | _ \   /_\   / __| / __| | __| |   \ 
   | |   | _|  \__ \   | |     |  _/  / _ \  \__ \ \__ \ | _|  | |) |
   |_|   |___| |___/   |_|     |_|   /_/ \_\ |___/ |___/ |___| |___/ 

Realizar el envio a otros yape
----------------------------------------------------------------------?[0m
]]></system-err>
</testsuite>
